<?xml version="1.0" encoding="UTF-8"?>
<!-- Generated by org.testng.reporters.JUnitXMLReporter -->
<testsuite ignored="2" hostname="DESKTOP-81JNK5C" failures="0" tests="2" name="ChromeTest" time="19.654" errors="0" timestamp="2025-03-22T18:47:15 IST">
  <testcase classname="TestCases.TC003_SearchForExistingProductTest" name="SearchForExistingProduct" time="0.716"/>
  <testcase classname="TestCases.TC004_SearchForNonExistingProductTest" name="SearchForNonExistingProductTest" time="5.26"/>
  <testcase classname="testBase.BaseClass" name="@AfterTest tearDown" time="0.0">
    <ignored/>
  </testcase> <!-- @AfterTest tearDown -->
  <testcase classname="testBase.BaseClass" name="@BeforeTest setup" time="0.0">
    <ignored/>
  </testcase> <!-- @BeforeTest setup -->
</testsuite> <!-- ChromeTest -->
