<?xml version="1.0" encoding="UTF-8"?>
<!-- Generated by org.testng.reporters.JUnitXMLReporter -->
<testsuite ignored="2" hostname="DESKTOP-81JNK5C" failures="0" tests="2" name="Test" time="12.133" errors="0" timestamp="2025-03-22T10:43:32 IST">
  <testcase classname="TestCases.TC003_SearchForExistingProductTest" name="SearchForExistingProduct" time="0.768"/>
  <testcase classname="TestCases.TC004_SearchForNonExistingProductTest" name="SearchForNonExistingProductTest" time="5.29"/>
  <testcase classname="testBase.BaseClass" name="@AfterTest tearDown" time="0.0">
    <ignored/>
  </testcase> <!-- @AfterTest tearDown -->
  <testcase classname="testBase.BaseClass" name="@BeforeTest setup" time="0.0">
    <ignored/>
  </testcase> <!-- @BeforeTest setup -->
</testsuite> <!-- Test -->
