<?xml version="1.0" encoding="UTF-8"?>
<!-- Generated by org.testng.reporters.JUnitXMLReporter -->
<testsuite ignored="1" hostname="DESKTOP-81JNK5C" failures="0" tests="3" name="Authentication Test(failed)" time="12.089" errors="0" timestamp="2025-03-23T13:45:28 IST">
  <testcase classname="TestCases.TC002_InvalidLoginTest" name="InvalidLoginEroroMessageCheck" time="1.82"/>
  <testcase classname="TestCases.TC002_InvalidLoginTest" name="InvalidLoginEroroMessageCheck" time="0.528"/>
  <testcase classname="TestCases.TC002_InvalidLoginTest" name="InvalidLoginEroroMessageCheck" time="0.352"/>
  <testcase classname="TestCases.TC002_InvalidLoginTest" name="InvalidLogin" time="0.0">
    <ignored/>
  </testcase> <!-- InvalidLogin -->
</testsuite> <!-- Authentication Test(failed) -->
