<?xml version="1.0" encoding="UTF-8"?>
<!-- Generated by org.testng.reporters.JUnitXMLReporter -->
<testsuite ignored="2" hostname="DESKTOP-81JNK5C" failures="0" tests="2" name="Product Search Functionality Test" time="15.725" errors="0" timestamp="2025-03-23T13:36:47 IST">
  <testcase classname="TestCases.TC003_SearchForExistingProductTest" name="SearchForExistingProduct" time="1.365"/>
  <testcase classname="TestCases.TC004_SearchForNonExistingProductTest" name="SearchForNonExistingProductTest" time="5.318"/>
  <testcase classname="testBase.BaseClass" name="@BeforeTest setup" time="0.0">
    <ignored/>
  </testcase> <!-- @BeforeTest setup -->
  <testcase classname="testBase.BaseClass" name="@AfterTest tearDown" time="0.0">
    <ignored/>
  </testcase> <!-- @AfterTest tearDown -->
</testsuite> <!-- Product Search Functionality Test -->
