<?xml version="1.0" encoding="UTF-8"?>
<!-- Generated by org.testng.reporters.JUnitXMLReporter -->
<testsuite ignored="0" hostname="DESKTOP-81JNK5C" failures="0" tests="4" name="Test" time="8.373" errors="0" timestamp="2025-03-25T07:08:20 IST">
  <testcase classname="TestCases.TC008_InvalidLoginErrorMessageTest" name="InvalidLoginEroroMessageCheck" time="1.05"/>
  <testcase classname="TestCases.TC008_InvalidLoginErrorMessageTest" name="InvalidLoginEroroMessageCheck" time="0.467"/>
  <testcase classname="TestCases.TC008_InvalidLoginErrorMessageTest" name="InvalidLoginEroroMessageCheck" time="0.352"/>
  <testcase classname="TestCases.TC008_InvalidLoginErrorMessageTest" name="InvalidLoginEroroMessageCheck" time="0.349"/>
</testsuite> <!-- Test -->
