<?xml version="1.0" encoding="UTF-8"?>
<!-- Generated by org.testng.reporters.JUnitXMLReporter -->
<testsuite ignored="4" hostname="DESKTOP-81JNK5C" failures="0" tests="9" name="Authentication Tests" time="20.765" errors="0" timestamp="2025-03-25T07:10:46 IST">
  <testcase classname="TestCases.TC001_ValidLoginTest" name="validLogin" time="12.338"/>
  <testcase classname="TestCases.TC002_InvalidLoginTest" name="InvalidLogin" time="0.367"/>
  <testcase classname="TestCases.TC002_InvalidLoginTest" name="InvalidLogin" time="0.363"/>
  <testcase classname="TestCases.TC002_InvalidLoginTest" name="InvalidLogin" time="0.37"/>
  <testcase classname="TestCases.TC002_InvalidLoginTest" name="InvalidLogin" time="0.384"/>
  <testcase classname="TestCases.TC008_InvalidLoginErrorMessageTest" name="IsInvalidLoginEroroMessageDisplayed" time="0.42"/>
  <testcase classname="TestCases.TC008_InvalidLoginErrorMessageTest" name="IsInvalidLoginEroroMessageDisplayed" time="0.332"/>
  <testcase classname="TestCases.TC008_InvalidLoginErrorMessageTest" name="IsInvalidLoginEroroMessageDisplayed" time="0.333"/>
  <testcase classname="TestCases.TC008_InvalidLoginErrorMessageTest" name="IsInvalidLoginEroroMessageDisplayed" time="0.336"/>
  <testcase classname="testBase.BaseClass" name="@AfterTest tearDown" time="0.0">
    <ignored/>
  </testcase> <!-- @AfterTest tearDown -->
  <testcase classname="testBase.BaseClass" name="@BeforeTest setup" time="0.0">
    <ignored/>
  </testcase> <!-- @BeforeTest setup -->
  <testcase classname="testBase.BaseClass" name="@BeforeTest setup" time="0.0">
    <ignored/>
  </testcase> <!-- @BeforeTest setup -->
  <testcase classname="testBase.BaseClass" name="@AfterTest tearDown" time="0.0">
    <ignored/>
  </testcase> <!-- @AfterTest tearDown -->
</testsuite> <!-- Authentication Tests -->
