<?xml version="1.0" encoding="UTF-8"?>
<!-- Generated by org.testng.reporters.JUnitXMLReporter -->
<testsuite ignored="2" hostname="DESKTOP-81JNK5C" failures="1" tests="2" name="ValidLoginChrome" time="13.695" errors="0" timestamp="2025-03-23T17:11:21 IST">
  <testcase classname="TestCases.TC001_ValidLoginTest" name="validLogin" time="6.833"/>
  <testcase classname="TestCases.TC002_InvalidLoginTest" name="InvalidLogin" time="0.87">
    <failure type="org.testng.internal.reflect.MethodMatcherException" message="
[public void TestCases.TC002_InvalidLoginTest.InvalidLogin(java.lang.String,java.lang.String)] has no parameters defined but was found to be using a data provider (either explicitly specified or inherited from class level annotation).
Data provider mismatch
Method: InvalidLogin([java.lang.String arg0, java.lang.String arg1])
Arguments: [(java.lang.String) std]">
      <![CDATA[org.testng.internal.reflect.MethodMatcherException: 
[public void TestCases.TC002_InvalidLoginTest.InvalidLogin(java.lang.String,java.lang.String)] has no parameters defined but was found to be using a data provider (either explicitly specified or inherited from class level annotation).
Data provider mismatch
Method: InvalidLogin([java.lang.String arg0, java.lang.String arg1])
Arguments: [(java.lang.String) std]
at java.base/java.util.ArrayList.forEach(ArrayList.java:1597)
... Removed 22 stack frames]]>
    </failure>
  </testcase> <!-- InvalidLogin -->
  <testcase classname="testBase.BaseClass" name="@AfterTest tearDown" time="0.0">
    <ignored/>
  </testcase> <!-- @AfterTest tearDown -->
  <testcase classname="testBase.BaseClass" name="@BeforeTest setup" time="0.0">
    <ignored/>
  </testcase> <!-- @BeforeTest setup -->
</testsuite> <!-- ValidLoginChrome -->
