<?xml version="1.0" encoding="UTF-8"?>
<testng-results ignored="0" total="9" passed="9" failed="0" skipped="0">
  <reporter-output>
  </reporter-output>
  <suite started-at="2025-03-25T07:10:24 IST" name="Authentication Tests Suite" finished-at="2025-03-25T07:10:45 IST" duration-ms="20765">
    <groups>
    </groups>
    <test started-at="2025-03-25T07:10:24 IST" name="Authentication Tests" finished-at="2025-03-25T07:10:45 IST" duration-ms="20765">
      <class name="TestCases.TC001_ValidLoginTest">
        <test-method is-config="true" signature="setup(java.lang.String,java.lang.String)[pri:0, instance:TestCases.TC001_ValidLoginTest@373ebf74]" started-at="2025-03-25T07:10:25 IST" name="setup" finished-at="2025-03-25T07:10:28 IST" duration-ms="3578" status="PASS">
          <params>
            <param index="0">
              <value>
                <![CDATA[window]]>
              </value>
            </param>
            <param index="1">
              <value>
                <![CDATA[chrome]]>
              </value>
            </param>
          </params>
          <reporter-output>
          </reporter-output>
        </test-method> <!-- setup -->
        <test-method is-config="true" signature="initializeLogger()[pri:0, instance:TestCases.TC001_ValidLoginTest@373ebf74]" started-at="2025-03-25T07:10:28 IST" name="initializeLogger" finished-at="2025-03-25T07:10:28 IST" duration-ms="1" status="PASS">
          <reporter-output>
          </reporter-output>
        </test-method> <!-- initializeLogger -->
        <test-method signature="validLogin()[pri:0, instance:TestCases.TC001_ValidLoginTest@373ebf74]" started-at="2025-03-25T07:10:28 IST" name="validLogin" finished-at="2025-03-25T07:10:41 IST" duration-ms="12338" status="PASS">
          <reporter-output>
          </reporter-output>
        </test-method> <!-- validLogin -->
        <test-method is-config="true" signature="tearDown()[pri:0, instance:TestCases.TC001_ValidLoginTest@373ebf74]" started-at="2025-03-25T07:10:45 IST" name="tearDown" finished-at="2025-03-25T07:10:45 IST" duration-ms="185" status="PASS">
          <reporter-output>
          </reporter-output>
        </test-method> <!-- tearDown -->
      </class> <!-- TestCases.TC001_ValidLoginTest -->
      <class name="TestCases.TC002_InvalidLoginTest">
        <test-method is-config="true" signature="initializeLogger()[pri:0, instance:TestCases.TC002_InvalidLoginTest@112f364d]" started-at="2025-03-25T07:10:41 IST" name="initializeLogger" finished-at="2025-03-25T07:10:41 IST" duration-ms="2" status="PASS">
          <reporter-output>
          </reporter-output>
        </test-method> <!-- initializeLogger -->
        <test-method signature="InvalidLogin(java.lang.String,java.lang.String)[pri:0, instance:TestCases.TC002_InvalidLoginTest@112f364d]" started-at="2025-03-25T07:10:42 IST" name="InvalidLogin" data-provider="InvalidLoginDataExcel" finished-at="2025-03-25T07:10:42 IST" duration-ms="367" status="PASS">
          <params>
            <param index="0">
              <value>
                <![CDATA[abc@gmail]]>
              </value>
            </param>
            <param index="1">
              <value>
                <![CDATA[abc45]]>
              </value>
            </param>
          </params>
          <reporter-output>
          </reporter-output>
        </test-method> <!-- InvalidLogin -->
        <test-method signature="InvalidLogin(java.lang.String,java.lang.String)[pri:0, instance:TestCases.TC002_InvalidLoginTest@112f364d]" started-at="2025-03-25T07:10:42 IST" name="InvalidLogin" data-provider="InvalidLoginDataExcel" finished-at="2025-03-25T07:10:43 IST" duration-ms="363" status="PASS">
          <params>
            <param index="0">
              <value>
                <![CDATA[ert]]>
              </value>
            </param>
            <param index="1">
              <value>
                <![CDATA[234df]]>
              </value>
            </param>
          </params>
          <reporter-output>
          </reporter-output>
        </test-method> <!-- InvalidLogin -->
        <test-method signature="InvalidLogin(java.lang.String,java.lang.String)[pri:0, instance:TestCases.TC002_InvalidLoginTest@112f364d]" started-at="2025-03-25T07:10:43 IST" name="InvalidLogin" data-provider="InvalidLoginDataExcel" finished-at="2025-03-25T07:10:43 IST" duration-ms="370" status="PASS">
          <params>
            <param index="0">
              <value>
                <![CDATA[gsd]]>
              </value>
            </param>
            <param index="1">
              <value>
                <![CDATA[4545]]>
              </value>
            </param>
          </params>
          <reporter-output>
          </reporter-output>
        </test-method> <!-- InvalidLogin -->
        <test-method signature="InvalidLogin(java.lang.String,java.lang.String)[pri:0, instance:TestCases.TC002_InvalidLoginTest@112f364d]" started-at="2025-03-25T07:10:43 IST" name="InvalidLogin" data-provider="InvalidLoginDataExcel" finished-at="2025-03-25T07:10:43 IST" duration-ms="384" status="PASS">
          <params>
            <param index="0">
              <value>
                <![CDATA[gdsg]]>
              </value>
            </param>
            <param index="1">
              <value>
                <![CDATA[dg]]>
              </value>
            </param>
          </params>
          <reporter-output>
          </reporter-output>
        </test-method> <!-- InvalidLogin -->
      </class> <!-- TestCases.TC002_InvalidLoginTest -->
      <class name="TestCases.TC008_InvalidLoginErrorMessageTest">
        <test-method is-config="true" signature="initializeLogger()[pri:0, instance:TestCases.TC008_InvalidLoginErrorMessageTest@5ccbeb64]" started-at="2025-03-25T07:10:43 IST" name="initializeLogger" finished-at="2025-03-25T07:10:43 IST" duration-ms="11" status="PASS">
          <reporter-output>
          </reporter-output>
        </test-method> <!-- initializeLogger -->
        <test-method signature="IsInvalidLoginEroroMessageDisplayed(java.lang.String,java.lang.String)[pri:0, instance:TestCases.TC008_InvalidLoginErrorMessageTest@5ccbeb64]" started-at="2025-03-25T07:10:44 IST" name="IsInvalidLoginEroroMessageDisplayed" data-provider="InvalidLoginDataExcel" finished-at="2025-03-25T07:10:44 IST" duration-ms="420" status="PASS">
          <params>
            <param index="0">
              <value>
                <![CDATA[abc@gmail]]>
              </value>
            </param>
            <param index="1">
              <value>
                <![CDATA[abc45]]>
              </value>
            </param>
          </params>
          <reporter-output>
          </reporter-output>
        </test-method> <!-- IsInvalidLoginEroroMessageDisplayed -->
        <test-method signature="IsInvalidLoginEroroMessageDisplayed(java.lang.String,java.lang.String)[pri:0, instance:TestCases.TC008_InvalidLoginErrorMessageTest@5ccbeb64]" started-at="2025-03-25T07:10:44 IST" name="IsInvalidLoginEroroMessageDisplayed" data-provider="InvalidLoginDataExcel" finished-at="2025-03-25T07:10:44 IST" duration-ms="332" status="PASS">
          <params>
            <param index="0">
              <value>
                <![CDATA[ert]]>
              </value>
            </param>
            <param index="1">
              <value>
                <![CDATA[234df]]>
              </value>
            </param>
          </params>
          <reporter-output>
          </reporter-output>
        </test-method> <!-- IsInvalidLoginEroroMessageDisplayed -->
        <test-method signature="IsInvalidLoginEroroMessageDisplayed(java.lang.String,java.lang.String)[pri:0, instance:TestCases.TC008_InvalidLoginErrorMessageTest@5ccbeb64]" started-at="2025-03-25T07:10:44 IST" name="IsInvalidLoginEroroMessageDisplayed" data-provider="InvalidLoginDataExcel" finished-at="2025-03-25T07:10:45 IST" duration-ms="333" status="PASS">
          <params>
            <param index="0">
              <value>
                <![CDATA[gsd]]>
              </value>
            </param>
            <param index="1">
              <value>
                <![CDATA[4545]]>
              </value>
            </param>
          </params>
          <reporter-output>
          </reporter-output>
        </test-method> <!-- IsInvalidLoginEroroMessageDisplayed -->
        <test-method signature="IsInvalidLoginEroroMessageDisplayed(java.lang.String,java.lang.String)[pri:0, instance:TestCases.TC008_InvalidLoginErrorMessageTest@5ccbeb64]" started-at="2025-03-25T07:10:45 IST" name="IsInvalidLoginEroroMessageDisplayed" data-provider="InvalidLoginDataExcel" finished-at="2025-03-25T07:10:45 IST" duration-ms="336" status="PASS">
          <params>
            <param index="0">
              <value>
                <![CDATA[gdsg]]>
              </value>
            </param>
            <param index="1">
              <value>
                <![CDATA[dg]]>
              </value>
            </param>
          </params>
          <reporter-output>
          </reporter-output>
        </test-method> <!-- IsInvalidLoginEroroMessageDisplayed -->
      </class> <!-- TestCases.TC008_InvalidLoginErrorMessageTest -->
    </test> <!-- Authentication Tests -->
  </suite> <!-- Authentication Tests Suite -->
</testng-results>
