<?xml version="1.0" encoding="UTF-8"?>
<!-- Generated by org.testng.reporters.JUnitXMLReporter -->
<testsuite ignored="2" hostname="DESKTOP-81JNK5C" failures="0" tests="5" name="Authentication Test" time="25.918" errors="0" timestamp="2025-03-25T06:58:05 IST">
  <testcase classname="TestCases.TC001_ValidLoginTest" name="validLogin" time="14.934"/>
  <testcase classname="TestCases.TC002_InvalidLoginTest" name="InvalidLogin" time="0.371"/>
  <testcase classname="TestCases.TC002_InvalidLoginTest" name="InvalidLogin" time="0.355"/>
  <testcase classname="TestCases.TC002_InvalidLoginTest" name="InvalidLogin" time="0.385"/>
  <testcase classname="TestCases.TC002_InvalidLoginTest" name="InvalidLogin" time="0.417"/>
  <testcase classname="testBase.BaseClass" name="@AfterTest tearDown" time="0.0">
    <ignored/>
  </testcase> <!-- @AfterTest tearDown -->
  <testcase classname="testBase.BaseClass" name="@BeforeTest setup" time="0.0">
    <ignored/>
  </testcase> <!-- @BeforeTest setup -->
</testsuite> <!-- Authentication Test -->
