<?xml version="1.0" encoding="UTF-8"?>
<!-- Generated by org.testng.reporters.JUnitXMLReporter -->
<testsuite ignored="0" hostname="DESKTOP-81JNK5C" failures="0" tests="4" name="InvalidLogin" time="8.006" errors="0" timestamp="2025-03-24T07:22:58 IST">
  <testcase classname="TestCases.TC002_InvalidLoginTest" name="InvalidLogin" time="0.626"/>
  <testcase classname="TestCases.TC002_InvalidLoginTest" name="InvalidLogin" time="0.35"/>
  <testcase classname="TestCases.TC002_InvalidLoginTest" name="InvalidLogin" time="0.335"/>
  <testcase classname="TestCases.TC002_InvalidLoginTest" name="InvalidLogin" time="0.334"/>
</testsuite> <!-- InvalidLogin -->
