<?xml version="1.0" encoding="UTF-8"?>
<!-- Generated by org.testng.reporters.JUnitXMLReporter -->
<testsuite ignored="2" hostname="DESKTOP-81JNK5C" failures="0" tests="2" name="EdgeTest" time="13.359" errors="0" timestamp="2025-03-22T10:59:14 IST">
  <testcase classname="TestCases.TC005_AddProductToCartTest" name="addProductToCart" time="1.643"/>
  <testcase classname="TestCases.TC007_SuccessfulCheckoutTest" name="successfulCheckout" time="2.951"/>
  <testcase classname="testBase.BaseClass" name="@BeforeTest setup" time="0.0">
    <ignored/>
  </testcase> <!-- @BeforeTest setup -->
  <testcase classname="testBase.BaseClass" name="@AfterTest tearDown" time="0.0">
    <ignored/>
  </testcase> <!-- @AfterTest tearDown -->
</testsuite> <!-- EdgeTest -->
