<?xml version="1.0" encoding="UTF-8"?>
<!-- Generated by org.testng.reporters.JUnitXMLReporter -->
<testsuite ignored="2" hostname="DESKTOP-81JNK5C" failures="2" tests="2" name="EdgeTest" time="15.402" errors="0" timestamp="2025-03-22T10:56:51 IST">
  <testcase classname="TestCases.TC005_AddProductToCartTest" name="addProductToCart" time="0.78">
    <failure type="java.lang.AssertionError" message="iteam might out of stock expected [true] but found [false]">
      <![CDATA[java.lang.AssertionError: iteam might out of stock expected [true] but found [false]
at TestCases.TC005_AddProductToCartTest.addProductToCart(TC005_AddProductToCartTest.java:26)
at java.base/java.util.ArrayList.forEach(ArrayList.java:1597)
... Removed 28 stack frames]]>
    </failure>
  </testcase> <!-- addProductToCart -->
  <testcase classname="TestCases.TC006_RemoveProductfromtheCartTest" name="removeProductfromCart" time="5.072">
    <failure type="java.lang.AssertionError" message="product not removed expected [true] but found [false]">
      <![CDATA[java.lang.AssertionError: product not removed expected [true] but found [false]
at TestCases.TC006_RemoveProductfromtheCartTest.removeProductfromCart(TC006_RemoveProductfromtheCartTest.java:37)
at java.base/java.util.ArrayList.forEach(ArrayList.java:1597)
... Removed 28 stack frames]]>
    </failure>
  </testcase> <!-- removeProductfromCart -->
  <testcase classname="testBase.BaseClass" name="@BeforeTest setup" time="0.0">
    <ignored/>
  </testcase> <!-- @BeforeTest setup -->
  <testcase classname="testBase.BaseClass" name="@AfterTest tearDown" time="0.0">
    <ignored/>
  </testcase> <!-- @AfterTest tearDown -->
</testsuite> <!-- EdgeTest -->
