<?xml version="1.0" encoding="UTF-8"?>
<!-- Generated by org.testng.reporters.JUnitXMLReporter -->
<testsuite ignored="0" hostname="DESKTOP-81JNK5C" failures="1" tests="1" name="Test" time="7.231" errors="0" timestamp="2025-03-25T19:38:42 IST">
  <testcase classname="TestCases.TC006_RemoveProductfromtheCartTest" name="removeProductfromCart" time="1.072">
    <failure type="java.lang.AssertionError" message="product not removed expected [true] but found [false]">
      <![CDATA[java.lang.AssertionError: product not removed expected [true] but found [false]
at TestCases.TC006_RemoveProductfromtheCartTest.removeProductfromCart(TC006_RemoveProductfromtheCartTest.java:24)
at java.base/java.util.ArrayList.forEach(ArrayList.java:1597)
... Removed 28 stack frames]]>
    </failure>
  </testcase> <!-- removeProductfromCart -->
</testsuite> <!-- Test -->
